#
# A fatal error has been detected by the Java Runtime Environment:
#
#  EXCEPTION_ACCESS_VIOLATION (0xc0000005) at pc=0x0000000022b232a6, pid=6568, tid=6840
#
# JRE version: Java(TM) SE Runtime Environment (8.0_91-b15) (build 1.8.0_91-b15)
# Java VM: Java HotSpot(TM) 64-Bit Server VM (25.91-b15 mixed mode windows-amd64 compressed oops)
# Problematic frame:
# C  0x0000000022b232a6
#
# Failed to write core dump. Minidumps are not enabled by default on client versions of Windows
#
# If you would like to submit a bug report, please visit:
#   http://bugreport.java.com/bugreport/crash.jsp
#

---------------  T H R E A D  ---------------

Current thread (0x0000000057b67800):  JavaThread "pool-1-thread-3" [_thread_in_Java, id=6840, stack(0x00000000586f0000,0x00000000587f0000)]

siginfo: ExceptionCode=0xc0000005, ExceptionInformation=0x0000000000000008 0x0000000022b232a6

Registers:
RAX=0x0000000014881300, RBX=0x0000000014900d00, RCX=0x0000000000000000, RDX=0x0000000054ba96e8
RSP=0x00000000587ee6b0, RBP=0x00000000ecf50f60, RSI=0x00000000eabb59c0, RDI=0x0000000000000290
R8 =0x00000000ecf0a7b0, R9 =0x0000000000000168, R10=0x00000000148bd868, R11=0x00000000148e90a0
R12=0x0000000000000000, R13=0x00000000587eea18, R14=0x00000000587eea78, R15=0x0000000057b67800
RIP=0x0000000022b232a6, EFLAGS=0x0000000000010246

Top of Stack: (sp=0x00000000587ee6b0)
0x00000000587ee6b0:   00000000ececefc0 000000000000000a
0x00000000587ee6c0:   00000000ecf50f60 0000000002ac50c4
0x00000000587ee6d0:   00000000587eea18 0000000000000000
0x00000000587ee6e0:   00000000ecf50f78 0000000002970b74
0x00000000587ee6f0:   00000000eabb59c0 00000000ecf0a7b0
0x00000000587ee700:   00000000eabb59c0 00000000ecf0a7b0
0x00000000587ee710:   00000000eabb5900 00000000eabb5a20
0x00000000587ee720:   0000000054a74d08 0000000000000000
0x00000000587ee730:   00000000eabb59a8 0000000002b22be0
0x00000000587ee740:   0000000054dbeaf0 0000000000000206
0x00000000587ee750:   00000000ecf50f60 0000000002a2dfec
0x00000000587ee760:   0000000000000000 000000005f3d6be6
0x00000000587ee770:   000000001490a550 0000000057b67800
0x00000000587ee780:   0000000000000008 0000000000000000
0x00000000587ee790:   0000000000000000 000000000206d990
0x00000000587ee7a0:   000000005f8db988 000000005f5066c4 

Instructions: (pc=0x0000000022b232a6)
0x0000000022b23286:   
[error occurred during error reporting (printing registers, top of stack, instructions near pc), id 0xc0000005]

Register to memory mapping:

RAX=0x0000000014881300 is pointing into metadata
RBX=0x0000000014900d00 is pointing into metadata
RCX=0x0000000000000000 is an unknown value
RDX=0x0000000054ba96e8 is pointing into metadata
RSP=0x00000000587ee6b0 is pointing into the stack for thread: 0x0000000057b67800
RBP=0x00000000ecf50f60 is an oop
com.android.dx.ssa.NormalSsaInsn 
 - klass: 'com/android/dx/ssa/NormalSsaInsn'
RSI=0x00000000eabb59c0 is an oop
java.util.TreeMap$Entry 
 - klass: 'java/util/TreeMap$Entry'
RDI=0x0000000000000290 is an unknown value
R8 =0x00000000ecf0a7b0 is an oop
com.android.dx.rop.code.LocalItem 
 - klass: 'com/android/dx/rop/code/LocalItem'
R9 =0x0000000000000168 is an unknown value
R10=0x00000000148bd868 is pointing into metadata
R11=0x00000000148e90a0 is pointing into metadata
R12=0x0000000000000000 is an unknown value
R13=0x00000000587eea18 is pointing into the stack for thread: 0x0000000057b67800
R14=0x00000000587eea78 is pointing into the stack for thread: 0x0000000057b67800
R15=0x0000000057b67800 is a thread


Stack: [0x00000000586f0000,0x00000000587f0000],  sp=0x00000000587ee6b0,  free space=1017k
Native frames: (J=compiled Java code, j=interpreted, Vv=VM code, C=native code)
C  0x0000000022b232a6


---------------  P R O C E S S  ---------------

Java Threads: ( => current thread )
  0x0000000057b63800 JavaThread "pool-1-thread-4" [_thread_in_Java, id=7044, stack(0x00000000589c0000,0x0000000058ac0000)]
=>0x0000000057b67800 JavaThread "pool-1-thread-3" [_thread_in_Java, id=6840, stack(0x00000000586f0000,0x00000000587f0000)]
  0x0000000056e25000 JavaThread "pool-1-thread-2" [_thread_blocked, id=7004, stack(0x0000000058820000,0x0000000058920000)]
  0x0000000056e1f800 JavaThread "pool-2-thread-1" [_thread_blocked, id=7020, stack(0x0000000058590000,0x0000000058690000)]
  0x0000000056e1c000 JavaThread "pool-1-thread-1" [_thread_in_Java, id=7024, stack(0x00000000583c0000,0x00000000584c0000)]
  0x0000000056b65000 JavaThread "Service Thread" daemon [_thread_blocked, id=6984, stack(0x0000000057910000,0x0000000057a10000)]
  0x0000000056ac6000 JavaThread "C1 CompilerThread2" daemon [_thread_blocked, id=6960, stack(0x00000000576e0000,0x00000000577e0000)]
  0x0000000056ac4800 JavaThread "C2 CompilerThread1" daemon [_thread_in_native, id=6856, stack(0x0000000056e90000,0x0000000056f90000)]
  0x0000000056abf000 JavaThread "C2 CompilerThread0" daemon [_thread_in_native, id=6920, stack(0x0000000057540000,0x0000000057640000)]
  0x0000000056abd800 JavaThread "Attach Listener" daemon [_thread_blocked, id=6940, stack(0x00000000573c0000,0x00000000574c0000)]
  0x0000000056abc800 JavaThread "Signal Dispatcher" daemon [_thread_blocked, id=6936, stack(0x00000000571b0000,0x00000000572b0000)]
  0x0000000056ab0800 JavaThread "Finalizer" daemon [_thread_blocked, id=6956, stack(0x0000000057010000,0x0000000057110000)]
  0x000000005526e000 JavaThread "Reference Handler" daemon [_thread_blocked, id=6932, stack(0x0000000056830000,0x0000000056930000)]
  0x000000000214e000 JavaThread "main" [_thread_blocked, id=6740, stack(0x00000000023a0000,0x00000000024a0000)]

Other Threads:
  0x0000000055266800 VMThread [stack: 0x0000000056970000,0x0000000056a70000] [id=6884]
  0x0000000056b86000 WatcherThread [stack: 0x0000000057a20000,0x0000000057b20000] [id=6968]

VM state:not at safepoint (normal execution)

VM Mutex/Monitor currently owned by a thread: None

Heap:
 PSYoungGen      total 38400K, used 6574K [0x00000000eab00000, 0x00000000ef600000, 0x0000000100000000)
  eden space 33280K, 4% used [0x00000000eab00000,0x00000000eac6e368,0x00000000ecb80000)
  from space 5120K, 99% used [0x00000000ecb80000,0x00000000ed07d6e0,0x00000000ed080000)
  to   space 5120K, 0% used [0x00000000ef100000,0x00000000ef100000,0x00000000ef600000)
 ParOldGen       total 87552K, used 642K [0x00000000c0000000, 0x00000000c5580000, 0x00000000eab00000)
  object space 87552K, 0% used [0x00000000c0000000,0x00000000c00a0a98,0x00000000c5580000)
 Metaspace       used 5986K, capacity 6836K, committed 7040K, reserved 1056768K
  class space    used 607K, capacity 620K, committed 640K, reserved 1048576K

Card table byte_map: [0x0000000011b30000,0x0000000011d40000] byte_map_base: 0x0000000011530000

Marking Bits: (ParMarkBitMap*) 0x000000005fae2f70
 Begin Bits: [0x0000000012680000, 0x0000000013680000)
 End Bits:   [0x0000000013680000, 0x0000000014680000)

Polling page: 0x0000000000140000

CodeCache: size=245760Kb used=3855Kb max_used=3858Kb free=241904Kb
 bounds [0x0000000002770000, 0x0000000002b40000, 0x0000000011770000]
 total_blobs=1285 nmethods=1014 adapters=185
 compilation: enabled

Compilation events (10 events):
Event: 1.257 Thread 0x0000000056abf000  982       4       com.android.dx.util.Bits::set (38 bytes)
Event: 1.257 Thread 0x0000000056abf000 nmethod 982 0x0000000002b36090 code [0x0000000002b361c0, 0x0000000002b36278]
Event: 1.257 Thread 0x0000000056abf000  995       4       com.android.dx.util.MutabilityControl::throwIfMutable (18 bytes)
Event: 1.258 Thread 0x0000000056abf000 nmethod 995 0x0000000002ae0b50 code [0x0000000002ae0c80, 0x0000000002ae0cf8]
Event: 1.258 Thread 0x0000000056abf000 1003       4       com.android.dx.ssa.DeadCodeRemover::hasSideEffect (11 bytes)
Event: 1.261 Thread 0x0000000056abf000 nmethod 1003 0x0000000002b31290 code [0x0000000002b313e0, 0x0000000002b31598]
Event: 1.261 Thread 0x0000000056abf000  999   !   4       com.android.dx.rop.cst.StdConstantPool::getOrNull (13 bytes)
Event: 1.261 Thread 0x0000000056abf000 nmethod 999 0x0000000002b12f90 code [0x0000000002b130c0, 0x0000000002b13158]
Event: 1.261 Thread 0x0000000056abf000  980       4       com.android.dx.cf.code.BaseMachine::clearArgs (56 bytes)
Event: 1.262 Thread 0x0000000056abf000 nmethod 980 0x0000000002b31010 code [0x0000000002b31140, 0x0000000002b311b8]

GC Heap History (2 events):
Event: 1.106 GC heap before
{Heap before GC invocations=1 (full 0):
 PSYoungGen      total 38400K, used 33280K [0x00000000eab00000, 0x00000000ed580000, 0x0000000100000000)
  eden space 33280K, 100% used [0x00000000eab00000,0x00000000ecb80000,0x00000000ecb80000)
  from space 5120K, 0% used [0x00000000ed080000,0x00000000ed080000,0x00000000ed580000)
  to   space 5120K, 0% used [0x00000000ecb80000,0x00000000ecb80000,0x00000000ed080000)
 ParOldGen       total 87552K, used 0K [0x00000000c0000000, 0x00000000c5580000, 0x00000000eab00000)
  object space 87552K, 0% used [0x00000000c0000000,0x00000000c0000000,0x00000000c5580000)
 Metaspace       used 5976K, capacity 6836K, committed 7040K, reserved 1056768K
  class space    used 607K, capacity 620K, committed 640K, reserved 1048576K
Event: 1.244 GC heap after
Heap after GC invocations=1 (full 0):
 PSYoungGen      total 38400K, used 5109K [0x00000000eab00000, 0x00000000ef600000, 0x0000000100000000)
  eden space 33280K, 0% used [0x00000000eab00000,0x00000000eab00000,0x00000000ecb80000)
  from space 5120K, 99% used [0x00000000ecb80000,0x00000000ed07d6e0,0x00000000ed080000)
  to   space 5120K, 0% used [0x00000000ef100000,0x00000000ef100000,0x00000000ef600000)
 ParOldGen       total 87552K, used 642K [0x00000000c0000000, 0x00000000c5580000, 0x00000000eab00000)
  object space 87552K, 0% used [0x00000000c0000000,0x00000000c00a0a98,0x00000000c5580000)
 Metaspace       used 5976K, capacity 6836K, committed 7040K, reserved 1056768K
  class space    used 607K, capacity 620K, committed 640K, reserved 1048576K
}

Deoptimization events (10 events):
Event: 0.819 Thread 0x0000000056e1c000 Uncommon trap: reason=unstable_if action=reinterpret pc=0x00000000029ac34c method=java.util.HashMap.getNode(ILjava/lang/Object;)Ljava/util/HashMap$Node; @ 62
Event: 0.820 Thread 0x0000000056e1c000 Uncommon trap: reason=unstable_if action=reinterpret pc=0x000000000299cc20 method=java.util.BitSet.nextSetBit(I)I @ 87
Event: 1.024 Thread 0x0000000057b63800 Uncommon trap: reason=class_check action=maybe_recompile pc=0x0000000002a51958 method=com.android.dx.rop.type.Type.equals(Ljava/lang/Object;)Z @ 8
Event: 1.024 Thread 0x0000000057b63800 Uncommon trap: reason=unstable_if action=reinterpret pc=0x00000000029ad98c method=java.util.HashMap.getNode(ILjava/lang/Object;)Ljava/util/HashMap$Node; @ 62
Event: 1.024 Thread 0x0000000057b63800 Uncommon trap: reason=unstable_if action=reinterpret pc=0x0000000002a5193c method=com.android.dx.rop.code.RegisterSpec.equals(ILcom/android/dx/rop/type/TypeBearer;Lcom/android/dx/rop/code/LocalItem;)Z @ 16
Event: 1.024 Thread 0x0000000057b63800 Uncommon trap: reason=class_check action=maybe_recompile pc=0x0000000002adf190 method=com.android.dx.rop.type.Type.equals(Ljava/lang/Object;)Z @ 8
Event: 1.024 Thread 0x0000000057b63800 Uncommon trap: reason=unstable_if action=reinterpret pc=0x0000000002a449c8 method=java.util.HashMap.putVal(ILjava/lang/Object;Ljava/lang/Object;ZZ)Ljava/lang/Object; @ 193
Event: 1.025 Thread 0x0000000057b63800 Uncommon trap: reason=class_check action=maybe_recompile pc=0x0000000002adf190 method=com.android.dx.rop.type.Type.equals(Ljava/lang/Object;)Z @ 8
Event: 1.025 Thread 0x0000000057b63800 Uncommon trap: reason=class_check action=maybe_recompile pc=0x0000000002adf190 method=com.android.dx.rop.type.Type.equals(Ljava/lang/Object;)Z @ 8
Event: 1.085 Thread 0x0000000057b67800 Uncommon trap: reason=unstable_if action=reinterpret pc=0x0000000002afead4 method=com.android.dx.rop.code.RegisterSpecSet.put(Lcom/android/dx/rop/code/RegisterSpec;)V @ 77

Internal exceptions (2 events):
Event: 0.066 Thread 0x000000000214e000 Exception <a 'java/lang/NoSuchMethodError': Method sun.misc.Unsafe.defineClass(Ljava/lang/String;[BII)Ljava/lang/Class; name or signature does not match> (0x00000000eab07cc0) thrown at [C:\re\workspace\8-2-build-windows-amd64-cygwin\jdk8u91\7017\hotspot\sržê³Øå°?
Event: 0.066 Thread 0x000000000214e000 Exception <a 'java/lang/NoSuchMethodError': Method sun.misc.Unsafe.prefetchRead(Ljava/lang/Object;J)V name or signature does not match> (0x00000000eab07fa8) thrown at [C:\re\workspace\8-2-build-windows-amd64-cygwin\jdk8u91\7017\hotspot\src\share\vm\prims\j

Events (10 events):
Event: 1.055 loading class java/util/TreeMap$EntrySet done
Event: 1.055 loading class java/util/TreeMap$EntryIterator
Event: 1.055 loading class java/util/TreeMap$EntryIterator done
Event: 1.055 Executing VM operation: Deoptimize
Event: 1.055 Executing VM operation: Deoptimize done
Event: 1.085 Thread 0x0000000057b67800 Uncommon trap: trap_request=0xffffff65 fr.pc=0x0000000002afead4
Event: 1.085 Thread 0x0000000057b67800 DEOPT PACKING pc=0x0000000002afead4 sp=0x00000000587ee8a0
Event: 1.085 Thread 0x0000000057b67800 DEOPT UNPACKING pc=0x00000000027b582a sp=0x00000000587ee828 mode 2
Event: 1.106 Executing VM operation: ParallelGCFailedAllocation
Event: 1.244 Executing VM operation: ParallelGCFailedAllocation done


Dynamic libraries:
0x000000013f5d0000 - 0x000000013f607000 	D:\Program Files\Java\jdk1.8.0_91\bin\java.exe
0x00000000775b0000 - 0x0000000077759000 	C:\Windows\SYSTEM32\ntdll.dll
0x0000000077390000 - 0x00000000774af000 	C:\Windows\system32\kernel32.dll
0x000007fefd6a0000 - 0x000007fefd70b000 	C:\Windows\system32\KERNELBASE.dll
0x000007feff370000 - 0x000007feff44b000 	C:\Windows\system32\ADVAPI32.dll
0x000007feff820000 - 0x000007feff8bf000 	C:\Windows\system32\msvcrt.dll
0x000007feff2b0000 - 0x000007feff2cf000 	C:\Windows\SYSTEM32\sechost.dll
0x000007fefd7a0000 - 0x000007fefd8cd000 	C:\Windows\system32\RPCRT4.dll
0x00000000774b0000 - 0x00000000775aa000 	C:\Windows\system32\USER32.dll
0x000007feff6e0000 - 0x000007feff747000 	C:\Windows\system32\GDI32.dll
0x000007fefdf80000 - 0x000007fefdf8e000 	C:\Windows\system32\LPK.dll
0x000007fefdfa0000 - 0x000007fefe069000 	C:\Windows\system32\USP10.dll
0x000007fefbd70000 - 0x000007fefbf64000 	C:\Windows\WinSxS\amd64_microsoft.windows.common-controls_6595b64144ccf1df_6.0.7601.17514_none_fa396087175ac9ac\COMCTL32.dll
0x000007feff7a0000 - 0x000007feff811000 	C:\Windows\system32\SHLWAPI.dll
0x000007feff1e0000 - 0x000007feff20e000 	C:\Windows\system32\IMM32.DLL
0x000007fefe340000 - 0x000007fefe449000 	C:\Windows\system32\MSCTF.dll
0x00000000618d0000 - 0x00000000619a2000 	D:\Program Files\Java\jdk1.8.0_91\jre\bin\msvcr100.dll
0x000000005f2d0000 - 0x000000005fb63000 	D:\Program Files\Java\jdk1.8.0_91\jre\bin\server\jvm.dll
0x000007fef1f90000 - 0x000007fef1f99000 	C:\Windows\system32\WSOCK32.dll
0x000007feff750000 - 0x000007feff79d000 	C:\Windows\system32\WS2_32.dll
0x000007fefdf90000 - 0x000007fefdf98000 	C:\Windows\system32\NSI.dll
0x000007fefa020000 - 0x000007fefa05b000 	C:\Windows\system32\WINMM.dll
0x000007fefc430000 - 0x000007fefc43c000 	C:\Windows\system32\VERSION.dll
0x0000000077770000 - 0x0000000077777000 	C:\Windows\system32\PSAPI.DLL
0x00000000716f0000 - 0x00000000716ff000 	D:\Program Files\Java\jdk1.8.0_91\jre\bin\verify.dll
0x00000000716c0000 - 0x00000000716e9000 	D:\Program Files\Java\jdk1.8.0_91\jre\bin\java.dll
0x00000000716a0000 - 0x00000000716b6000 	D:\Program Files\Java\jdk1.8.0_91\jre\bin\zip.dll
0x000007fefe450000 - 0x000007feff1d8000 	C:\Windows\system32\SHELL32.dll
0x000007fefdb30000 - 0x000007fefdd33000 	C:\Windows\system32\ole32.dll
0x000007fefd370000 - 0x000007fefd37f000 	C:\Windows\system32\profapi.dll
0x000007feeea70000 - 0x000007feeeb95000 	C:\Windows\system32\dbghelp.dll

VM Arguments:
jvm_args: -Djava.awt.headless=true -Xmx1024M -Dfile.encoding=windows-1251 -Duser.country=RU -Duser.language=ru -Duser.variant 
java_command: com.android.dx.command.Main --dex --verbose --force-jumbo --num-threads=4 --output D:\Android\projects\Client_manager\app\build\intermediates\pre-dexed\debug\com.android.support-support-compat-24.2.0_0afdf778fa103a487b611473e0b68cc4de9d3407.jar D:\Android\projects\Client_manager\app\build\intermediates\exploded-aar\com.android.support\support-compat\24.2.0\jars\classes.jar
java_class_path (initial): D:\Android\SDK\build-tools\24.0.2\lib\dx.jar
Launcher Type: SUN_STANDARD

Environment Variables:
JAVA_HOME=D:\Program Files\Java\jdk1.8.0_91
PATH=C:\ProgramData\Oracle\Java\javapath;C:\Windows\system32;C:\Windows;C:\Windows\System32\Wbem;C:\Windows\System32\WindowsPowerShell\v1.0\;C:\Program Files (x86)\NVIDIA Corporation\PhysX\Common;D:\Program Files\apache-maven-3.3.9\bin\
USERNAME=Konan
OS=Windows_NT
PROCESSOR_IDENTIFIER=AMD64 Family 21 Model 2 Stepping 0, AuthenticAMD



---------------  S Y S T E M  ---------------

OS: Windows 7 , 64 bit Build 7601 (6.1.7601.18015)

CPU:total 6 (6 cores per cpu, 1 threads per core) family 21 model 2 stepping 0, cmov, cx8, fxsr, mmx, sse, sse2, sse3, ssse3, sse4.1, sse4.2, popcnt, avx, aes, clmul, mmxext, 3dnowpref, lzcnt, sse4a, tsc, tscinvbit, tscinv, bmi1

Memory: 4k page, physical 8352104k(3734100k free), swap 16702344k(11011728k free)

vm_info: Java HotSpot(TM) 64-Bit Server VM (25.91-b15) for windows-amd64 JRE (1.8.0_91-b15), built on May 20 2016 17:43:15 by "java_re" with MS VC++ 10.0 (VS2010)

time: Sat Oct 15 22:39:21 2016
elapsed time: 1 seconds (0d 0h 0m 1s)

