#
# A fatal error has been detected by the Java Runtime Environment:
#
#  EXCEPTION_ACCESS_VIOLATION (0xc0000005) at pc=0x00000000029a4389, pid=3892, tid=6236
#
# JRE version: Java(TM) SE Runtime Environment (8.0_91-b15) (build 1.8.0_91-b15)
# Java VM: Java HotSpot(TM) 64-Bit Server VM (25.91-b15 mixed mode windows-amd64 compressed oops)
# Problematic frame:
# v  ~BufferBlob::I2C/C2I adapters
#
# Failed to write core dump. Minidumps are not enabled by default on client versions of Windows
#
# If you would like to submit a bug report, please visit:
#   http://bugreport.java.com/bugreport/crash.jsp
#

---------------  T H R E A D  ---------------

Current thread (0x0000000056ea0000):  JavaThread "pool-1-thread-1" [_thread_in_Java, id=6236, stack(0x0000000057e50000,0x0000000057f50000)]

siginfo: ExceptionCode=0xc0000005, reading address 0x0000002f54f156c8

Registers:
RAX=0x0000000000000000, RBX=0x0000002f54f15698, RCX=0x0000000000000001, RDX=0x0000000200000000
RSP=0x0000000057f4e2b0, RBP=0x0000000057f4e840, RSI=0x00000000ead79b00, RDI=0x00000000ead79b00
R8 =0x0000000000000038, R9 =0x00000000eb688df0, R10=0x0000000000000000, R11=0x0000000000000228
R12=0x0000000000000000, R13=0x0000000057f4e300, R14=0x0000000057f4e068, R15=0x0000000056ea0000
RIP=0x00000000029a4389, EFLAGS=0x0000000000010202

Top of Stack: (sp=0x0000000057f4e2b0)
0x0000000057f4e2b0:   0000000002ae6b8c 0000000000000000
0x0000000057f4e2c0:   0000000000000000 0000000200000001
0x0000000057f4e2d0:   00000000ead79b00 00000000ead79b00
0x0000000057f4e2e0:   00000000eb688df0 0000000000000038
0x0000000057f4e2f0:   0000000200000000 0000000002ae6b8c
0x0000000057f4e300:   0000000000000000 0000000000000000
0x0000000057f4e310:   0000000057f4ed60 0000000057f4ecd0
0x0000000057f4e320:   0000000056ea0000 0000000002a4c7d0
0x0000000057f4e330:   0000000100000000 0000000057f4ed18
0x0000000057f4e340:   0000000057f4ec00 0000000002b0ae9c
0x0000000057f4e350:   0000000002b09e50 0000000000000000
0x0000000057f4e360:   0000000057f4ee50 0000000057f4ecb0
0x0000000057f4e370:   0000000056ea0000 0000000054fe6d00
0x0000000057f4e380:   0000000054e39f98 000000005b206b71
0x0000000057f4e390:   0000000056e63300 0000000014a378f0
0x0000000057f4e3a0:   0000000056ea0000 0000000054f1d500 

Instructions: (pc=0x00000000029a4389)
0x00000000029a4369:   89 7c 24 28 48 89 74 24 20 89 4c 24 18 8b 44 24
0x00000000029a4379:   50 48 89 44 24 10 48 8b 44 24 58 48 89 44 24 08
0x00000000029a4389:   48 8b 4b 30 ff e1 f4 00 00 00 00 00 00 00 00 00
0x00000000029a4399:   00 00 00 00 00 00 00 00 00 00 00 00 00 00 00 00 


Register to memory mapping:

RAX=0x0000000000000000 is an unknown value
RBX=0x0000002f54f15698 is an unknown value
RCX=0x0000000000000001 is an unknown value
RDX=0x0000000200000000 is an unknown value
RSP=0x0000000057f4e2b0 is pointing into the stack for thread: 0x0000000056ea0000
RBP=0x0000000057f4e840 is pointing into the stack for thread: 0x0000000056ea0000
RSI=0x00000000ead79b00 is an oop
com.android.dx.rop.type.StdTypeList 
 - klass: 'com/android/dx/rop/type/StdTypeList'
RDI=0x00000000ead79b00 is an oop
com.android.dx.rop.type.StdTypeList 
 - klass: 'com/android/dx/rop/type/StdTypeList'
R8 =0x0000000000000038 is an unknown value
R9 =0x00000000eb688df0 is an oop
com.android.dx.rop.type.Type 
 - klass: 'com/android/dx/rop/type/Type'
R10=0x0000000000000000 is an unknown value
R11=0x0000000000000228 is an unknown value
R12=0x0000000000000000 is an unknown value
R13=0x0000000057f4e300 is pointing into the stack for thread: 0x0000000056ea0000
R14=0x0000000057f4e068 is pointing into the stack for thread: 0x0000000056ea0000
R15=0x0000000056ea0000 is a thread


Stack: [0x0000000057e50000,0x0000000057f50000],  sp=0x0000000057f4e2b0,  free space=1016k
Native frames: (J=compiled Java code, j=interpreted, Vv=VM code, C=native code)
C  0x00000000029a4389


---------------  P R O C E S S  ---------------

Java Threads: ( => current thread )
  0x0000000056f83800 JavaThread "pool-1-thread-4" [_thread_blocked, id=6272, stack(0x0000000058490000,0x0000000058590000)]
  0x0000000056f10800 JavaThread "pool-1-thread-3" [_thread_blocked, id=6256, stack(0x00000000582b0000,0x00000000583b0000)]
  0x0000000056ea5000 JavaThread "pool-1-thread-2" [_thread_blocked, id=6244, stack(0x0000000058140000,0x0000000058240000)]
  0x0000000056ea3000 JavaThread "pool-2-thread-1" [_thread_blocked, id=6240, stack(0x0000000058020000,0x0000000058120000)]
=>0x0000000056ea0000 JavaThread "pool-1-thread-1" [_thread_in_Java, id=6236, stack(0x0000000057e50000,0x0000000057f50000)]
  0x0000000056db1000 JavaThread "Service Thread" daemon [_thread_blocked, id=6416, stack(0x0000000057b60000,0x0000000057c60000)]
  0x0000000056d2a000 JavaThread "C1 CompilerThread2" daemon [_thread_blocked, id=6412, stack(0x0000000057910000,0x0000000057a10000)]
  0x0000000056d29000 JavaThread "C2 CompilerThread1" daemon [_thread_blocked, id=6572, stack(0x0000000057780000,0x0000000057880000)]
  0x0000000056d25800 JavaThread "C2 CompilerThread0" daemon [_thread_blocked, id=6552, stack(0x0000000057540000,0x0000000057640000)]
  0x0000000056d24000 JavaThread "Attach Listener" daemon [_thread_blocked, id=5228, stack(0x0000000056ad0000,0x0000000056bd0000)]
  0x0000000056d23000 JavaThread "Signal Dispatcher" daemon [_thread_blocked, id=6424, stack(0x0000000057310000,0x0000000057410000)]
  0x0000000056d10800 JavaThread "Finalizer" daemon [_thread_blocked, id=3708, stack(0x0000000057110000,0x0000000057210000)]
  0x0000000055410000 JavaThread "Reference Handler" daemon [_thread_blocked, id=4900, stack(0x0000000056bd0000,0x0000000056cd0000)]
  0x00000000021ce000 JavaThread "main" [_thread_in_Java, id=1088, stack(0x0000000002420000,0x0000000002520000)]

Other Threads:
  0x0000000055409000 VMThread [stack: 0x0000000056960000,0x0000000056a60000] [id=5284]
  0x0000000056dca800 WatcherThread [stack: 0x0000000057d10000,0x0000000057e10000] [id=6224]

VM state:not at safepoint (normal execution)

VM Mutex/Monitor currently owned by a thread: None

Heap:
 PSYoungGen      total 38400K, used 22914K [0x00000000eab00000, 0x00000000ed580000, 0x0000000100000000)
  eden space 33280K, 68% used [0x00000000eab00000,0x00000000ec1608c8,0x00000000ecb80000)
  from space 5120K, 0% used [0x00000000ed080000,0x00000000ed080000,0x00000000ed580000)
  to   space 5120K, 0% used [0x00000000ecb80000,0x00000000ecb80000,0x00000000ed080000)
 ParOldGen       total 87552K, used 0K [0x00000000c0000000, 0x00000000c5580000, 0x00000000eab00000)
  object space 87552K, 0% used [0x00000000c0000000,0x00000000c0000000,0x00000000c5580000)
 Metaspace       used 5652K, capacity 6768K, committed 7040K, reserved 1056768K
  class space    used 577K, capacity 616K, committed 640K, reserved 1048576K

Card table byte_map: [0x0000000011bb0000,0x0000000011dc0000] byte_map_base: 0x00000000115b0000

Marking Bits: (ParMarkBitMap*) 0x000000005b922f70
 Begin Bits: [0x0000000012820000, 0x0000000013820000)
 End Bits:   [0x0000000013820000, 0x0000000014820000)

Polling page: 0x0000000000330000

CodeCache: size=245760Kb used=4099Kb max_used=4109Kb free=241660Kb
 bounds [0x00000000027f0000, 0x0000000002c00000, 0x00000000117f0000]
 total_blobs=1291 nmethods=1031 adapters=174
 compilation: enabled

Compilation events (10 events):
Event: 0.883 Thread 0x0000000056d2a000  832       3       com.android.dx.cf.code.ExecutionStack::pop (54 bytes)
Event: 0.883 Thread 0x0000000056d2a000 nmethod 832 0x0000000002b3d050 code [0x0000000002b3d220, 0x0000000002b3d918]
Event: 0.883 Thread 0x0000000056d2a000  834       3       com.android.dx.rop.code.Rop::<init> (137 bytes)
Event: 0.883 Thread 0x0000000056d2a000 nmethod 834 0x0000000002b3dc10 code [0x0000000002b3de00, 0x0000000002b3e658]
Event: 0.883 Thread 0x0000000056d2a000  829       3       com.android.dx.rop.type.StdTypeList::get (9 bytes)
Event: 0.884 Thread 0x0000000056d2a000 nmethod 829 0x0000000002b3ea10 code [0x0000000002b3eb80, 0x0000000002b3ee68]
Event: 0.884 Thread 0x0000000056d2a000  841       1       java.lang.Integer::intValue (5 bytes)
Event: 0.884 Thread 0x0000000056d2a000 nmethod 841 0x0000000002b3ef10 code [0x0000000002b3f060, 0x0000000002b3f170]
Event: 0.884 Thread 0x0000000056d2a000  842       1       com.android.dx.rop.cst.CstKnownNull::hashCode (3 bytes)
Event: 0.884 Thread 0x0000000056d2a000 nmethod 842 0x0000000002b3f1d0 code [0x0000000002b3f320, 0x0000000002b3f430]

GC Heap History (0 events):
No events

Deoptimization events (10 events):
Event: 0.501 Thread 0x0000000056f10800 Uncommon trap: reason=class_check action=maybe_recompile pc=0x0000000002993380 method=com.android.dx.rop.cst.CstMemberRef.compareTo0(Lcom/android/dx/rop/cst/Constant;)I @ 1
Event: 0.501 Thread 0x00000000021ce000 Uncommon trap: reason=class_check action=maybe_recompile pc=0x0000000002993380 method=com.android.dx.rop.cst.CstMemberRef.compareTo0(Lcom/android/dx/rop/cst/Constant;)I @ 1
Event: 0.501 Thread 0x00000000021ce000 Uncommon trap: reason=class_check action=maybe_recompile pc=0x0000000002993380 method=com.android.dx.rop.cst.CstMemberRef.compareTo0(Lcom/android/dx/rop/cst/Constant;)I @ 1
Event: 0.501 Thread 0x0000000056f10800 Uncommon trap: reason=class_check action=maybe_recompile pc=0x0000000002993380 method=com.android.dx.rop.cst.CstMemberRef.compareTo0(Lcom/android/dx/rop/cst/Constant;)I @ 1
Event: 0.610 Thread 0x00000000021ce000 Uncommon trap: reason=unstable_if action=reinterpret pc=0x0000000002a3497c method=java.util.HashMap.getNode(ILjava/lang/Object;)Ljava/util/HashMap$Node; @ 62
Event: 0.628 Thread 0x00000000021ce000 Uncommon trap: reason=unstable_if action=reinterpret pc=0x0000000002a1b2f4 method=com.android.dx.rop.cst.CstFieldRef.compareTo0(Lcom/android/dx/rop/cst/Constant;)I @ 7
Event: 0.629 Thread 0x00000000021ce000 Uncommon trap: reason=unstable_if action=reinterpret pc=0x000000000298e084 method=com.android.dx.rop.cst.CstFieldRef.compareTo0(Lcom/android/dx/rop/cst/Constant;)I @ 7
Event: 0.633 Thread 0x00000000021ce000 Uncommon trap: reason=unstable_if action=reinterpret pc=0x00000000029859f0 method=java.lang.String.<init>([CII)V @ 18
Event: 0.754 Thread 0x0000000056f10800 Uncommon trap: reason=unstable_if action=reinterpret pc=0x0000000002a9e00c method=java.util.HashMap.getNode(ILjava/lang/Object;)Ljava/util/HashMap$Node; @ 129
Event: 0.768 Thread 0x0000000056ea0000 Uncommon trap: reason=unstable_if action=reinterpret pc=0x0000000002ab90e0 method=com.android.dx.rop.code.RegisterSpecSet.put(Lcom/android/dx/rop/code/RegisterSpec;)V @ 53

Internal exceptions (3 events):
Event: 0.094 Thread 0x00000000021ce000 Exception <a 'java/lang/NoSuchMethodError': Method sun.misc.Unsafe.defineClass(Ljava/lang/String;[BII)Ljava/lang/Class; name or signature does not match> (0x00000000eab07cc0) thrown at [C:\re\workspace\8-2-build-windows-amd64-cygwin\jdk8u91\7017\hotspot\sríã€‡¸?
Event: 0.094 Thread 0x00000000021ce000 Exception <a 'java/lang/NoSuchMethodError': Method sun.misc.Unsafe.prefetchRead(Ljava/lang/Object;J)V name or signature does not match> (0x00000000eab07fa8) thrown at [C:\re\workspace\8-2-build-windows-amd64-cygwin\jdk8u91\7017\hotspot\src\share\vm\prims\jŸ=Œ–è?
Event: 0.768 Thread 0x0000000056ea0000 Implicit null exception at 0x0000000002ab8f16 to 0x0000000002ab90c9

Events (10 events):
Event: 0.754 Thread 0x0000000056f10800 Uncommon trap: trap_request=0xffffff65 fr.pc=0x0000000002a9e00c
Event: 0.754 Thread 0x0000000056f10800 DEOPT PACKING pc=0x0000000002a9e00c sp=0x00000000583ae770
Event: 0.754 Thread 0x0000000056f10800 DEOPT UNPACKING pc=0x000000000283582a sp=0x00000000583ae6f8 mode 2
Event: 0.768 Thread 0x0000000056ea0000 Uncommon trap: trap_request=0xffffff65 fr.pc=0x0000000002ab90e0
Event: 0.768 Thread 0x0000000056ea0000 DEOPT PACKING pc=0x0000000002ab90e0 sp=0x0000000057f4ecf0
Event: 0.768 Thread 0x0000000056ea0000 DEOPT UNPACKING pc=0x000000000283582a sp=0x0000000057f4ec90 mode 2
Event: 0.775 loading class java/util/ArrayList$1
Event: 0.775 loading class java/util/ArrayList$1 done
Event: 0.797 Executing VM operation: ForceSafepoint
Event: 0.821 Executing VM operation: ForceSafepoint done


Dynamic libraries:
0x000000013fd30000 - 0x000000013fd67000 	D:\Program Files\Java\jdk1.8.0_91\bin\java.exe
0x0000000077700000 - 0x00000000778a9000 	C:\Windows\SYSTEM32\ntdll.dll
0x00000000774e0000 - 0x00000000775ff000 	C:\Windows\system32\kernel32.dll
0x000007fefd750000 - 0x000007fefd7bb000 	C:\Windows\system32\KERNELBASE.dll
0x000007fefde20000 - 0x000007fefdefb000 	C:\Windows\system32\ADVAPI32.dll
0x000007fefe230000 - 0x000007fefe2cf000 	C:\Windows\system32\msvcrt.dll
0x000007feff710000 - 0x000007feff72f000 	C:\Windows\SYSTEM32\sechost.dll
0x000007feff8e0000 - 0x000007feffa0d000 	C:\Windows\system32\RPCRT4.dll
0x0000000077600000 - 0x00000000776fa000 	C:\Windows\system32\USER32.dll
0x000007fefd900000 - 0x000007fefd967000 	C:\Windows\system32\GDI32.dll
0x000007fefd9a0000 - 0x000007fefd9ae000 	C:\Windows\system32\LPK.dll
0x000007fefe110000 - 0x000007fefe1d9000 	C:\Windows\system32\USP10.dll
0x000007fefbeb0000 - 0x000007fefc0a4000 	C:\Windows\WinSxS\amd64_microsoft.windows.common-controls_6595b64144ccf1df_6.0.7601.17514_none_fa396087175ac9ac\COMCTL32.dll
0x000007feff580000 - 0x000007feff5f1000 	C:\Windows\system32\SHLWAPI.dll
0x000007fefd970000 - 0x000007fefd99e000 	C:\Windows\system32\IMM32.DLL
0x000007feff600000 - 0x000007feff709000 	C:\Windows\system32\MSCTF.dll
0x000000005e930000 - 0x000000005ea02000 	D:\Program Files\Java\jdk1.8.0_91\jre\bin\msvcr100.dll
0x000000005b110000 - 0x000000005b9a3000 	D:\Program Files\Java\jdk1.8.0_91\jre\bin\server\jvm.dll
0x000007fef4320000 - 0x000007fef4329000 	C:\Windows\system32\WSOCK32.dll
0x000007fefe1e0000 - 0x000007fefe22d000 	C:\Windows\system32\WS2_32.dll
0x000007fefd870000 - 0x000007fefd878000 	C:\Windows\system32\NSI.dll
0x000007fef8b10000 - 0x000007fef8b4b000 	C:\Windows\system32\WINMM.dll
0x000007fefc5a0000 - 0x000007fefc5ac000 	C:\Windows\system32\VERSION.dll
0x00000000778d0000 - 0x00000000778d7000 	C:\Windows\system32\PSAPI.DLL
0x0000000067260000 - 0x000000006726f000 	D:\Program Files\Java\jdk1.8.0_91\jre\bin\verify.dll
0x0000000067230000 - 0x0000000067259000 	D:\Program Files\Java\jdk1.8.0_91\jre\bin\java.dll
0x0000000067210000 - 0x0000000067226000 	D:\Program Files\Java\jdk1.8.0_91\jre\bin\zip.dll
0x000007fefe7f0000 - 0x000007feff578000 	C:\Windows\system32\SHELL32.dll
0x000007fefdf00000 - 0x000007fefe103000 	C:\Windows\system32\ole32.dll
0x000007fefd4c0000 - 0x000007fefd4cf000 	C:\Windows\system32\profapi.dll
0x000007feef840000 - 0x000007feef965000 	C:\Windows\system32\dbghelp.dll

VM Arguments:
jvm_args: -Djava.awt.headless=true -Xmx1024M -Dfile.encoding=windows-1251 -Duser.country=RU -Duser.language=ru -Duser.variant 
java_command: com.android.dx.command.Main --dex --num-threads=4 --output D:\Android\projects\Client_manager\app\build\intermediates\pre-dexed\release\release_1c765a3fb813ef252b270f07fc6f487105b3993a.jar D:\Android\projects\Client_manager\app\build\intermediates\classes\release
java_class_path (initial): D:\Android\SDK\build-tools\24.0.2\lib\dx.jar
Launcher Type: SUN_STANDARD

Environment Variables:
JAVA_HOME=D:\Program Files\Java\jdk1.8.0_91
PATH=C:\ProgramData\Oracle\Java\javapath;C:\Windows\system32;C:\Windows;C:\Windows\System32\Wbem;C:\Windows\System32\WindowsPowerShell\v1.0\;C:\Program Files (x86)\NVIDIA Corporation\PhysX\Common;D:\Program Files\apache-maven-3.3.9\bin\;D:\Go\bin
USERNAME=Konan
OS=Windows_NT
PROCESSOR_IDENTIFIER=AMD64 Family 21 Model 2 Stepping 0, AuthenticAMD



---------------  S Y S T E M  ---------------

OS: Windows 7 , 64 bit Build 7601 (6.1.7601.18015)

CPU:total 6 (6 cores per cpu, 1 threads per core) family 21 model 2 stepping 0, cmov, cx8, fxsr, mmx, sse, sse2, sse3, ssse3, sse4.1, sse4.2, popcnt, avx, aes, clmul, mmxext, 3dnowpref, lzcnt, sse4a, tsc, tscinvbit, tscinv, bmi1

Memory: 4k page, physical 8352104k(4547688k free), swap 16702344k(12387648k free)

vm_info: Java HotSpot(TM) 64-Bit Server VM (25.91-b15) for windows-amd64 JRE (1.8.0_91-b15), built on May 20 2016 17:43:15 by "java_re" with MS VC++ 10.0 (VS2010)

time: Tue Oct 25 20:11:48 2016
elapsed time: 1 seconds (0d 0h 0m 1s)

